{
  "0 debug pnpm:scope": {
    "selected": 3,
    "total": 3,
    "workspacePrefix": "D:\\dev\\wen\\monado"
  },
  "1 debug pnpm:package-manifest": {
    "initial": {
      "name": "monado",
      "version": "1.0.0",
      "description": "",
      "main": "index.js",
      "scripts": {
        "test": "echo \"Error: no test specified\" && exit 1"
      },
      "keywords": [],
      "author": "wen",
      "license": "ISC",
      "dependencies": {
        "typescript": "^4.6.2"
      }
    },
    "prefix": "D:\\dev\\wen\\monado"
  },
  "2 debug pnpm:package-manifest": {
    "initial": {
      "name": "@monado/cli",
      "version": "0.0.1",
      "description": "a create react project cli",
      "main": "lib/index.js",
      "bin": {
        "monado": "bin/monado.js"
      },
      "type": "module",
      "scripts": {
        "build": "tsc",
        "dev": "monado-scripts",
        "test": "echo \"Error: no test specified\" && exit 1"
      },
      "keywords": [
        "react cli"
      ],
      "author": "wen",
      "license": "ISC",
      "devDependencies": {
        "@types/node": "^17.0.21",
        "chalk": "^5.0.1",
        "commander": "^9.0.0",
        "inquirer": "^8.2.1",
        "ora": "^6.1.0"
      },
      "dependencies": {
        "@monado/scripts": "workspace:^0.0.3",
        "zx": "^5.2.0"
      }
    },
    "prefix": "D:\\dev\\wen\\monado\\packages\\monado-cli"
  },
  "3 debug pnpm:package-manifest": {
    "initial": {
      "name": "@monado/scripts",
      "version": "0.0.4",
      "description": "",
      "main": "index.js",
      "bin": {
        "monado-scripts": "./bin/monado-scripts.js"
      },
      "scripts": {
        "build": "tsc -p tsconfig.json"
      },
      "keywords": [],
      "author": "",
      "license": "ISC",
      "dependencies": {
        "commander": "^9.0.0",
        "webpack": "^5.70.0",
        "webpack-cli": "^4.9.2",
        "webpack-dev-server": "^4.7.4",
        "@babel/core": "^7.17.5",
        "@babel/preset-env": "^7.16.11",
        "@babel/preset-typescript": "^7.16.7",
        "babel-loader": "^8.2.3"
      }
    },
    "prefix": "D:\\dev\\wen\\monado\\packages\\monado-scripts"
  },
  "4 debug pnpm:context": {
    "currentLockfileExists": true,
    "storeDir": "D:\\.pnpm-store\\v3",
    "virtualStoreDir": "D:\\dev\\wen\\monado\\node_modules\\.pnpm"
  },
  "5 debug pnpm:stage": {
    "prefix": "D:\\dev\\wen\\monado",
    "stage": "resolution_started"
  },
  "6 error pnpm": {
    "code": "ERR_PNPM_NO_MATCHING_VERSION_INSIDE_WORKSPACE",
    "pkgsStack": [],
    "err": {
      "name": "pnpm",
      "message": "In ..\\monado-cli: No matching version found for @monado/scripts@^0.0.3 inside the workspace",
      "code": "ERR_PNPM_NO_MATCHING_VERSION_INSIDE_WORKSPACE",
      "stack": "pnpm: In ..\\monado-cli: No matching version found for @monado/scripts@^0.0.3 inside the workspace\n    at tryResolveFromWorkspace (C:\\Users\\wen\\AppData\\Roaming\\npm\\pnpm-global\\5\\node_modules\\.pnpm\\registry.npmmirror.com+pnpm@6.23.2\\node_modules\\pnpm\\dist\\pnpm.cjs:85268:15)\n    at resolveNpm (C:\\Users\\wen\\AppData\\Roaming\\npm\\pnpm-global\\5\\node_modules\\.pnpm\\registry.npmmirror.com+pnpm@6.23.2\\node_modules\\pnpm\\dist\\pnpm.cjs:85159:39)\n    at Object.resolve (C:\\Users\\wen\\AppData\\Roaming\\npm\\pnpm-global\\5\\node_modules\\.pnpm\\registry.npmmirror.com+pnpm@6.23.2\\node_modules\\pnpm\\dist\\pnpm.cjs:85391:40)\n    at ctx.requestsQueue.add.priority (C:\\Users\\wen\\AppData\\Roaming\\npm\\pnpm-global\\5\\node_modules\\.pnpm\\registry.npmmirror.com+pnpm@6.23.2\\node_modules\\pnpm\\dist\\pnpm.cjs:71356:75)\n    at run (C:\\Users\\wen\\AppData\\Roaming\\npm\\pnpm-global\\5\\node_modules\\.pnpm\\registry.npmmirror.com+pnpm@6.23.2\\node_modules\\pnpm\\dist\\pnpm.cjs:71095:90)\n    at PQueue._tryToStartAnother (C:\\Users\\wen\\AppData\\Roaming\\npm\\pnpm-global\\5\\node_modules\\.pnpm\\registry.npmmirror.com+pnpm@6.23.2\\node_modules\\pnpm\\dist\\pnpm.cjs:71049:13)\n    at C:\\Users\\wen\\AppData\\Roaming\\npm\\pnpm-global\\5\\node_modules\\.pnpm\\registry.npmmirror.com+pnpm@6.23.2\\node_modules\\pnpm\\dist\\pnpm.cjs:71108:16\n    at new Promise (<anonymous>)\n    at PQueue.add (C:\\Users\\wen\\AppData\\Roaming\\npm\\pnpm-global\\5\\node_modules\\.pnpm\\registry.npmmirror.com+pnpm@6.23.2\\node_modules\\pnpm\\dist\\pnpm.cjs:71090:16)\n    at resolveAndFetch (C:\\Users\\wen\\AppData\\Roaming\\npm\\pnpm-global\\5\\node_modules\\.pnpm\\registry.npmmirror.com+pnpm@6.23.2\\node_modules\\pnpm\\dist\\pnpm.cjs:71356:55)"
    }
  },
  "7 debug pnpm:_dependency_resolved": {
    "resolution": "registry.npmmirror.com/typescript/4.6.2",
    "wanted": {
      "dependentId": ".",
      "name": "typescript",
      "rawSpec": "^4.6.2"
    }
  },
  "8 debug pnpm:_dependency_resolved": {
    "resolution": "registry.npmmirror.com/@types/node/17.0.21",
    "wanted": {
      "dependentId": "packages/monado-cli",
      "name": "@types/node",
      "rawSpec": "^17.0.21"
    }
  },
  "9 debug pnpm:_dependency_resolved": {
    "resolution": "registry.npmmirror.com/chalk/5.0.1",
    "wanted": {
      "dependentId": "packages/monado-cli",
      "name": "chalk",
      "rawSpec": "^5.0.1"
    }
  },
  "10 debug pnpm:_dependency_resolved": {
    "resolution": "registry.npmmirror.com/commander/9.0.0",
    "wanted": {
      "dependentId": "packages/monado-cli",
      "name": "commander",
      "rawSpec": "^9.0.0"
    }
  },
  "11 debug pnpm:_dependency_resolved": {
    "resolution": "registry.npmmirror.com/inquirer/8.2.1",
    "wanted": {
      "dependentId": "packages/monado-cli",
      "name": "inquirer",
      "rawSpec": "^8.2.1"
    }
  },
  "12 debug pnpm:_dependency_resolved": {
    "resolution": "registry.npmmirror.com/ora/6.1.0",
    "wanted": {
      "dependentId": "packages/monado-cli",
      "name": "ora",
      "rawSpec": "^6.1.0"
    }
  },
  "13 debug pnpm:_dependency_resolved": {
    "resolution": "registry.npmmirror.com/zx/5.2.0",
    "wanted": {
      "dependentId": "packages/monado-cli",
      "name": "zx",
      "rawSpec": "^5.2.0"
    }
  },
  "14 debug pnpm:_dependency_resolved": {
    "resolution": "registry.npmmirror.com/commander/9.0.0",
    "wanted": {
      "dependentId": "packages/monado-scripts",
      "name": "commander",
      "rawSpec": "^9.0.0"
    }
  },
  "15 debug pnpm:_dependency_resolved": {
    "resolution": "registry.npmmirror.com/webpack/5.70.0",
    "wanted": {
      "dependentId": "packages/monado-scripts",
      "name": "webpack",
      "rawSpec": "^5.70.0"
    }
  },
  "16 debug pnpm:_dependency_resolved": {
    "resolution": "registry.npmmirror.com/webpack-cli/4.9.2",
    "wanted": {
      "dependentId": "packages/monado-scripts",
      "name": "webpack-cli",
      "rawSpec": "^4.9.2"
    }
  },
  "17 debug pnpm:_dependency_resolved": {
    "resolution": "registry.npmmirror.com/webpack-dev-server/4.7.4",
    "wanted": {
      "dependentId": "packages/monado-scripts",
      "name": "webpack-dev-server",
      "rawSpec": "^4.7.4"
    }
  },
  "18 debug pnpm:_dependency_resolved": {
    "resolution": "registry.npmjs.org/@babel/core/7.17.5",
    "wanted": {
      "dependentId": "packages/monado-scripts",
      "name": "@babel/core",
      "rawSpec": "^7.17.5"
    }
  },
  "19 debug pnpm:_dependency_resolved": {
    "resolution": "registry.npmjs.org/@babel/preset-env/7.16.11",
    "wanted": {
      "dependentId": "packages/monado-scripts",
      "name": "@babel/preset-env",
      "rawSpec": "^7.16.11"
    }
  },
  "20 debug pnpm:_dependency_resolved": {
    "resolution": "registry.npmjs.org/@babel/preset-typescript/7.16.7",
    "wanted": {
      "dependentId": "packages/monado-scripts",
      "name": "@babel/preset-typescript",
      "rawSpec": "^7.16.7"
    }
  },
  "21 debug pnpm:_dependency_resolved": {
    "resolution": "registry.npmjs.org/babel-loader/8.2.3",
    "wanted": {
      "dependentId": "packages/monado-scripts",
      "name": "babel-loader",
      "rawSpec": "^8.2.3"
    }
  }
}